<?xml version="1.0" encoding="UTF-8"?>
<!-- Generated by org.testng.reporters.JUnitReportReporter -->
<testsuite hostname="DESKTOP-AANA9BE" failures="0" tests="3" name="tests.ManagerUpdatePageTest" time="1.231" errors="0" timestamp="2023-01-23T16:36:25 IST" skipped="0">
  <testcase classname="tests.ManagerUpdatePageTest" name="getManagerPage" time="0.228"/>
  <system-out/>
  <testcase classname="tests.ManagerUpdatePageTest" name="updateManagerEnterDetails" time="0.576"/>
  <system-out/>
  <testcase classname="tests.ManagerUpdatePageTest" name="updateManagerSave" time="0.427"/>
  <system-out/>
</testsuite> <!-- tests.ManagerUpdatePageTest -->
